{
  "stats": {
    "suites": 1,
    "tests": 1,
    "passes": 0,
    "pending": 2,
    "failures": -1,
    "start": "2026-01-20T21:42:13.638Z",
    "end": "2026-01-20T21:42:13.641Z",
    "duration": 3,
    "testsRegistered": 2,
    "passPercent": null,
    "pendingPercent": 100,
    "other": 1,
    "hasOther": true,
    "skipped": 0,
    "hasSkipped": false
  },
  "results": [
    {
      "uuid": "b8772024-2313-41ce-bd1c-c610ee55862b",
      "title": "",
      "fullFile": "cypress\\e2e\\boxpos.skip.cy.ts",
      "file": "cypress\\e2e\\boxpos.skip.cy.ts",
      "beforeHooks": [],
      "afterHooks": [],
      "tests": [],
      "suites": [
        {
          "uuid": "98b0cea3-0e6f-4a58-b6b5-3373047f8473",
          "title": "template spec",
          "fullFile": "",
          "file": "",
          "beforeHooks": [],
          "afterHooks": [],
          "tests": [
            {
              "title": "create delete",
              "fullTitle": "template spec create delete",
              "timedOut": null,
              "duration": 0,
              "state": "pending",
              "speed": null,
              "pass": false,
              "fail": false,
              "pending": true,
              "context": null,
              "code": "cy.visit('http://localhost:5173/table/analysis');\ncy.get('#username').click();\ncy.get('#username').type('admin');\ncy.get('#password').click();\ncy.get('#password').type('admin123');\ncy.get('#app button.submit-btn').click();\ncy.get('#app a[href=\"/table/boxpos\"] div.v-list-item-title').click();\ncy.get('#app button.bg-primary').click();\ncy.get('#input-v-173').click();\ncy.get('#input-v-173').type('B000');\ncy.get('#input-v-170').click();\ncy.get('#input-v-170').click();\ncy.get('#input-v-170').clear();\ncy.get('#input-v-170').type('1');\ncy.get('#input-v-176').click();\ncy.get('#input-v-176').type('879ed661-1393');\ncy.get('#input-v-179').click();\ncy.get('#input-v-179').type('2026-01-03T22:48:46');\ncy.get('button.v-btn--variant-flat span.v-btn__content').click();\n//cy.get('#input-v-102').click();\n//cy.get('#input-v-102').type('879ed661-1393');",
              "err": {},
              "uuid": "13c8136e-81fd-4412-9b91-59e1f4742883",
              "parentUUID": "98b0cea3-0e6f-4a58-b6b5-3373047f8473",
              "isHook": false,
              "skipped": false
            },
            {
              "title": "edit",
              "fullTitle": "template spec edit",
              "timedOut": null,
              "duration": 0,
              "state": "pending",
              "speed": null,
              "pass": false,
              "fail": false,
              "pending": true,
              "context": null,
              "code": "cy.visit('http://localhost:5173/table/analysis');\ncy.get('#username').click();\ncy.get('#username').type('admin');\ncy.get('#password').click();\ncy.get('#password').type('admin123');\ncy.get('#app button.submit-btn').click();\ncy.get('#app a[href=\"/table/boxpos\"] div.v-list-item-title').click();\ncy.get('#app tr:nth-child(1) button.text-primary span.v-btn__content i.mdi').click();\ncy.get('#input-v-176').click();\ncy.get('#input-v-176').click();\ncy.get('#input-v-176').clear();\ncy.get('#input-v-176').type('879ed661-1393');\ncy.get('#input-v-179').click();\ncy.get('#input-v-179').clear();\ncy.get('#input-v-179').type('2026-01-03T22:48:46');\ncy.get('button.v-btn--variant-flat span.v-btn__content').click();",
              "err": {},
              "uuid": "0add02e1-d10e-4d22-8542-1af4b6a50f78",
              "parentUUID": "98b0cea3-0e6f-4a58-b6b5-3373047f8473",
              "isHook": false,
              "skipped": false
            }
          ],
          "suites": [],
          "passes": [],
          "failures": [],
          "pending": [
            "13c8136e-81fd-4412-9b91-59e1f4742883",
            "0add02e1-d10e-4d22-8542-1af4b6a50f78"
          ],
          "skipped": [],
          "duration": 0,
          "root": false,
          "rootEmpty": false,
          "_timeout": 2000
        }
      ],
      "passes": [],
      "failures": [],
      "pending": [],
      "skipped": [],
      "duration": 0,
      "root": true,
      "rootEmpty": true,
      "_timeout": 2000
    }
  ],
  "meta": {
    "mocha": {
      "version": "7.2.0"
    },
    "mochawesome": {
      "options": {
        "quiet": false,
        "reportFilename": "mochawesome",
        "saveHtml": false,
        "saveJson": true,
        "consoleReporter": "spec",
        "useInlineDiffs": false,
        "code": true
      },
      "version": "7.1.4"
    },
    "marge": {
      "options": {
        "overwrite": false,
        "html": false,
        "json": true,
        "reportDir": "cypress\\reports\\html\\.jsons"
      },
      "version": "6.3.2"
    }
  }
}