{
  "stats": {
    "suites": 1,
    "tests": 1,
    "passes": 0,
    "pending": 2,
    "failures": -1,
    "start": "2026-01-14T21:30:58.124Z",
    "end": "2026-01-14T21:30:58.129Z",
    "duration": 5,
    "testsRegistered": 2,
    "passPercent": null,
    "pendingPercent": 100,
    "other": 1,
    "hasOther": true,
    "skipped": 0,
    "hasSkipped": false
  },
  "results": [
    {
      "uuid": "f12847d9-3c9b-40ca-aaa9-704c5140d7f8",
      "title": "",
      "fullFile": "cypress\\e2e\\box.skip.cy.ts",
      "file": "cypress\\e2e\\box.skip.cy.ts",
      "beforeHooks": [],
      "afterHooks": [],
      "tests": [],
      "suites": [
        {
          "uuid": "ff5a5e1a-6bd7-4300-9ceb-b6592c9ec609",
          "title": "box",
          "fullFile": "",
          "file": "",
          "beforeHooks": [],
          "afterHooks": [],
          "tests": [
            {
              "title": "create and delete",
              "fullTitle": "box create and delete",
              "timedOut": null,
              "duration": 0,
              "state": "pending",
              "speed": null,
              "pass": false,
              "fail": false,
              "pending": true,
              "context": null,
              "code": "cy.visit('http://localhost:5173/table/analysis');\ncy.get('#username').click();\ncy.get('#username').type('admin');\ncy.get('#password').click();\ncy.get('#password').type('admin123');\ncy.get('#app button.submit-btn').click();\n// Navigate to Box table\ncy.get('#app a[href=\"/table/box\"] div.v-list-item-title').click();\n// CREATE ACTION\ncy.get('#app button.bg-primary').click();\n// Input Box Name (Assuming input-v-173 is Name/ID)\ncy.get('#input-v-173').click();\ncy.get('#input-v-173').clear();\ncy.get('#input-v-173').type('B999');\n// Input Comment (Assuming input-v-176 is Comment)\ncy.get('#input-v-176').click();\ncy.get('#input-v-176').clear();\ncy.get('#input-v-176').type('test999');\ncy.get('button.v-btn--variant-flat span.v-btn__content').click();\n// --- DB CHECK: VERIFY CREATE ---\n// Verifies that a box with name 'B999' and comment 'test999' exists\ncy.task('queryDB', \"SELECT * FROM venlab.box WHERE b_id = 'B999'\").then(function (rows) {\n    expect(rows).to.have.length(1);\n    expect(rows[0].name).to.equal('test999'); // Optional: check specific field content\n});\n// DELETE ACTION\ncy.get('#input-v-96').click();\ncy.get('#input-v-96').type('B999'); // Search for the box\ncy.get('#app i.mdi-delete').click();\ncy.get('button.bg-error span.v-btn__content').click();\n// --- DB CHECK: VERIFY DELETE ---\n// Verifies the box is gone\ncy.task('queryDB', \"SELECT * FROM venlab.box WHERE b_id = 'B999'\").then(function (rows) {\n    expect(rows).to.have.length(0);\n});",
              "err": {},
              "uuid": "c372cac2-e424-4358-ac04-ef48657b6730",
              "parentUUID": "ff5a5e1a-6bd7-4300-9ceb-b6592c9ec609",
              "isHook": false,
              "skipped": false
            },
            {
              "title": "edit",
              "fullTitle": "box edit",
              "timedOut": null,
              "duration": 0,
              "state": "pending",
              "speed": null,
              "pass": false,
              "fail": false,
              "pending": true,
              "context": null,
              "code": "cy.visit('http://localhost:5173/table/analysis');\ncy.get('#username').click();\ncy.get('#username').type('admin');\ncy.get('#password').click();\ncy.get('#password').type('admin123');\ncy.get('#app button.submit-btn').click();\ncy.get('#app a[href=\"/table/box\"] div.v-list-item-title').click();\ncy.get('#app th.v-data-table__th--sorted span').click();\ncy.get('#input-v-99').click();\ncy.get('#input-v-96').click();\ncy.get('#input-v-96').type('B000');\ncy.get('#app button.text-primary').click();\ncy.get('#input-v-176').click();\ncy.get('#input-v-176').clear();\ncy.get('#input-v-176').type('test000123');\ncy.get('div.v-card-actions').click();\ncy.get('button.v-btn--variant-flat').click();\ncy.get('#app button.text-primary').click();\ncy.task('queryDB', \"SELECT * FROM venlab.box WHERE name LIKE 'test000123'\").then(function (rows) {\n    expect(rows.length).to.be.greaterThan(0);\n});\ncy.get('#input-v-196').click();\ncy.get('#input-v-196').clear();\ncy.get('#input-v-196').type('test000');\ncy.get('button.v-btn--variant-flat span.v-btn__content').click();\ncy.task('queryDB', \"SELECT * FROM venlab.box WHERE name LIKE 'test000'\").then(function (rows) {\n    expect(rows.length).to.be.greaterThan(0);\n});",
              "err": {},
              "uuid": "be68a71b-9476-4163-9cb0-267f075c8eaa",
              "parentUUID": "ff5a5e1a-6bd7-4300-9ceb-b6592c9ec609",
              "isHook": false,
              "skipped": false
            }
          ],
          "suites": [],
          "passes": [],
          "failures": [],
          "pending": [
            "c372cac2-e424-4358-ac04-ef48657b6730",
            "be68a71b-9476-4163-9cb0-267f075c8eaa"
          ],
          "skipped": [],
          "duration": 0,
          "root": false,
          "rootEmpty": false,
          "_timeout": 2000
        }
      ],
      "passes": [],
      "failures": [],
      "pending": [],
      "skipped": [],
      "duration": 0,
      "root": true,
      "rootEmpty": true,
      "_timeout": 2000
    }
  ],
  "meta": {
    "mocha": {
      "version": "7.2.0"
    },
    "mochawesome": {
      "options": {
        "quiet": false,
        "reportFilename": "mochawesome",
        "saveHtml": false,
        "saveJson": true,
        "consoleReporter": "spec",
        "useInlineDiffs": false,
        "code": true
      },
      "version": "7.1.4"
    },
    "marge": {
      "options": {
        "overwrite": false,
        "html": false,
        "json": true,
        "reportDir": "cypress\\reports\\html\\.jsons"
      },
      "version": "6.3.2"
    }
  }
}