{
  "stats": {
    "suites": 1,
    "tests": 2,
    "passes": 2,
    "pending": 0,
    "failures": 0,
    "start": "2026-01-14T13:24:01.531Z",
    "end": "2026-01-14T13:24:18.095Z",
    "duration": 16564,
    "testsRegistered": 2,
    "passPercent": 100,
    "pendingPercent": 0,
    "other": 0,
    "hasOther": false,
    "skipped": 0,
    "hasSkipped": false
  },
  "results": [
    {
      "uuid": "0c97ca7a-1257-402d-92e7-3dc9aa0753ce",
      "title": "",
      "fullFile": "cypress\\e2e\\analysis.cy.ts",
      "file": "cypress\\e2e\\analysis.cy.ts",
      "beforeHooks": [],
      "afterHooks": [],
      "tests": [],
      "suites": [
        {
          "uuid": "685e808d-5896-4366-a438-aacd4bda6fd6",
          "title": "template spec",
          "fullFile": "",
          "file": "",
          "beforeHooks": [],
          "afterHooks": [],
          "tests": [
            {
              "title": "create and delete",
              "fullTitle": "template spec create and delete",
              "timedOut": null,
              "duration": 6925,
              "state": "passed",
              "speed": "medium",
              "pass": true,
              "fail": false,
              "pending": false,
              "context": null,
              "code": "cy.visit('http://localhost:5173/table/analysis');\ncy.get('#username').click();\ncy.get('#username').type('admin');\ncy.get('#password').click();\ncy.get('#password').type('admin123');\ncy.get('#app button.submit-btn').click();\ncy.get('#app a[href=\"/table/analysis\"]').click();\n// CREATE ACTION\ncy.get('#app button.bg-primary').click();\ncy.get('[data-cy=\"crud-sId\"]').click();\ncy.get('[data-cy=\"crud-sId\"]').type('879ed661-1393');\ncy.get('[data-cy=\"crud-sStamp\"]').click();\ncy.get('[data-cy=\"crud-sStamp\"]').type('2026-01-03T22:48:46');\ncy.get('[data-cy=\"crud-comment\"]').click();\ncy.get('[data-cy=\"crud-comment\"]').type('1e2e');\ncy.get('button.v-btn--variant-flat span.v-btn__content').click();\n// --- DB CHECK: VERIFY CREATE ---\ncy.task('queryDB', \"SELECT * FROM venlab.analysis WHERE comment = '1e2e'\").then(function (rows) {\n    expect(rows).to.have.length(1);\n});\n// DELETE ACTION\ncy.get('[data-cy=\"filter-comment\"]').click();\ncy.get('[data-cy=\"filter-comment\"]').type('1e2e');\ncy.get('#app tr:nth-child(1) button.text-error').click();\ncy.get('button.bg-error').click();\n// --- DB CHECK: VERIFY DELETE ---\ncy.task('queryDB', \"SELECT * FROM venlab.analysis WHERE comment = '1e2e'\").then(function (rows) {\n    expect(rows).to.have.length(0);\n});",
              "err": {},
              "uuid": "c510ed8a-fe92-4dc2-9ae4-9041d51bf949",
              "parentUUID": "685e808d-5896-4366-a438-aacd4bda6fd6",
              "isHook": false,
              "skipped": false
            },
            {
              "title": "edit",
              "fullTitle": "template spec edit",
              "timedOut": null,
              "duration": 9448,
              "state": "passed",
              "speed": "medium",
              "pass": true,
              "fail": false,
              "pending": false,
              "context": null,
              "code": "cy.visit('http://localhost:5173/table/analysis');\ncy.get('#username').click();\ncy.get('#username').type('admin');\ncy.get('#password').click();\ncy.get('#password').type('admin123');\ncy.get('#app button.submit-btn').click();\ncy.get('#app a[href=\"/table/analysis\"]').click();\ncy.get('#app button.bg-primary').click();\ncy.get('[data-cy=\"crud-sId\"]').click();\ncy.get('[data-cy=\"crud-sId\"]').type('879ed661-1393');\ncy.get('[data-cy=\"crud-sStamp\"]').click();\ncy.get('[data-cy=\"crud-sStamp\"]').type('2026-01-03T22:48:46');\ncy.get('[data-cy=\"crud-comment\"]').click();\ncy.get('[data-cy=\"crud-comment\"]').type('test123');\ncy.get('button.v-btn--variant-flat span.v-btn__content').click();\n// FIRST EDIT\ncy.get('[data-cy=\"filter-comment\"]').click();\ncy.get('[data-cy=\"filter-comment\"]').type('test123');\ncy.get('#app tr:nth-child(1) button.text-primary span.v-btn__content i.mdi').click();\ncy.get('[data-cy=\"crud-comment\"]').click();\ncy.get('[data-cy=\"crud-comment\"]').clear();\ncy.get('[data-cy=\"crud-comment\"]').type('test123');\ncy.get('button.v-btn--variant-flat span.v-btn__content').click();\n// --- DB CHECK: VERIFY FIRST EDIT ---\ncy.task('queryDB', \"SELECT * FROM venlab.analysis WHERE comment = 'test123test123'\").then(function (rows) {\n    expect(rows.length).to.be.greaterThan(0);\n});\n// SECOND EDIT\ncy.get('#app i.mdi-pencil').click();\ncy.get('[data-cy=\"crud-comment\"]').click();\ncy.get('[data-cy=\"crud-comment\"]').clear();\ncy.get('[data-cy=\"crud-comment\"]').type('test123');\ncy.get('button.v-btn--variant-flat span.v-btn__content').click();\n// --- DB CHECK: VERIFY SECOND EDIT ---\ncy.task('queryDB', \"SELECT * FROM venlab.analysis WHERE comment = 'test123test123test123'\").then(function (rows) {\n    expect(rows.length).to.be.greaterThan(0);\n});\ncy.get('[data-cy=\"filter-comment\"]').click();\ncy.get('[data-cy=\"filter-comment\"]').type('test123test123test123');",
              "err": {},
              "uuid": "b2d702ed-4f3f-44fc-85ec-2db7a8d7d14c",
              "parentUUID": "685e808d-5896-4366-a438-aacd4bda6fd6",
              "isHook": false,
              "skipped": false
            }
          ],
          "suites": [],
          "passes": [
            "c510ed8a-fe92-4dc2-9ae4-9041d51bf949",
            "b2d702ed-4f3f-44fc-85ec-2db7a8d7d14c"
          ],
          "failures": [],
          "pending": [],
          "skipped": [],
          "duration": 16373,
          "root": false,
          "rootEmpty": false,
          "_timeout": 2000
        }
      ],
      "passes": [],
      "failures": [],
      "pending": [],
      "skipped": [],
      "duration": 0,
      "root": true,
      "rootEmpty": true,
      "_timeout": 2000
    }
  ],
  "meta": {
    "mocha": {
      "version": "7.2.0"
    },
    "mochawesome": {
      "options": {
        "quiet": false,
        "reportFilename": "mochawesome",
        "saveHtml": false,
        "saveJson": true,
        "consoleReporter": "spec",
        "useInlineDiffs": false,
        "code": true
      },
      "version": "7.1.4"
    },
    "marge": {
      "options": {
        "overwrite": false,
        "html": false,
        "json": true,
        "reportDir": "cypress\\reports\\html\\.jsons"
      },
      "version": "6.3.2"
    }
  }
}